Info: Start Nativelink Simulation process

========= EDA Simulation Settings =====================

Sim Mode              :  Gate
Family                :  cycloneii
Quartus root          :  c:/altera/13.0sp1/quartus/bin64/
Quartus sim root      :  c:/altera/13.0sp1/quartus/eda/sim_lib
Simulation Tool       :  modelsim-altera
Simulation Language   :  vhdl
Version               :  93
Simulation Mode       :  GUI
Sim Output File       :  MultiCycle.vho
Sim SDF file          :  MultiCycle__vhdl.sdo
Sim dir               :  simulation\modelsim

=======================================================

Info: Starting NativeLink simulation with ModelSim-Altera software
Sourced NativeLink script c:/altera/13.0sp1/quartus/common/tcl/internal/nativelink/modelsim.tcl
Warning: File MultiCycle_run_msim_gate_vhdl.do already exists - backing up current file as MultiCycle_run_msim_gate_vhdl.do.bak3
Probing transcript
ModelSim-Altera Info: # Reading C:/altera/13.0sp1/modelsim_ase/tcl/vsim/pref.tcl 
ModelSim-Altera Info: # do MultiCycle_run_msim_gate_vhdl.do 
ModelSim-Altera Info: # if {[file exists gate_work]} {
ModelSim-Altera Info: # 	vdel -lib gate_work -all
ModelSim-Altera Info: # }
ModelSim-Altera Info: # vlib gate_work
ModelSim-Altera Info: # vmap work gate_work
ModelSim-Altera Info: # Copying C:\altera\13.0sp1\modelsim_ase\win32aloem/../modelsim.ini to modelsim.ini
ModelSim-Altera Info: # Modifying modelsim.ini
ModelSim-Altera Warning: # ** Warning: Copied C:\altera\13.0sp1\modelsim_ase\win32aloem/../modelsim.ini to modelsim.ini.
ModelSim-Altera Info: #          Updated modelsim.ini.
ModelSim-Altera Info: # 
ModelSim-Altera Info: # vcom -93 -work work {MultiCycle.vho}
ModelSim-Altera Info: # Model Technology ModelSim ALTERA vcom 10.1d Compiler 2012.11 Nov  2 2012
ModelSim-Altera Info: # -- Loading package STANDARD
ModelSim-Altera Info: # -- Loading package TEXTIO
ModelSim-Altera Info: # -- Loading package std_logic_1164
ModelSim-Altera Info: # -- Loading package VITAL_Timing
ModelSim-Altera Info: # -- Loading package VITAL_Primitives
ModelSim-Altera Info: # -- Loading package cycloneii_atom_pack
ModelSim-Altera Info: # -- Loading package cycloneii_components
ModelSim-Altera Info: # -- Compiling entity IR
ModelSim-Altera Info: # -- Compiling architecture structure of IR
ModelSim-Altera Info: # 
ModelSim-Altera Info: vsim work.ir
ModelSim-Altera Info: # vsim work.ir 
ModelSim-Altera Info: # Loading std.standard
ModelSim-Altera Info: # Loading std.textio(body)
ModelSim-Altera Info: # Loading ieee.std_logic_1164(body)
ModelSim-Altera Info: # Loading ieee.vital_timing(body)
ModelSim-Altera Info: # Loading ieee.vital_primitives(body)
ModelSim-Altera Info: # Loading cycloneii.cycloneii_atom_pack(body)
ModelSim-Altera Info: # Loading cycloneii.cycloneii_components
ModelSim-Altera Info: # Loading work.ir(structure)
ModelSim-Altera Info: # Loading ieee.std_logic_arith(body)
ModelSim-Altera Info: # Loading cycloneii.cycloneii_io(structure)
ModelSim-Altera Info: # Loading cycloneii.cycloneii_mux21(altvital)
ModelSim-Altera Info: # Loading cycloneii.cycloneii_dffe(behave)
ModelSim-Altera Info: # Loading cycloneii.cycloneii_asynch_io(behave)
ModelSim-Altera Info: # Loading cycloneii.cycloneii_clkctrl(vital_clkctrl)
ModelSim-Altera Info: # Loading cycloneii.cycloneii_ena_reg(behave)
ModelSim-Altera Info: # Loading cycloneii.cycloneii_lcell_comb(vital_lcell_comb)
ModelSim-Altera Warning: # ** Warning: Design size of 2 instances exceeds ModelSim ALTERA recommended capacity.
ModelSim-Altera Info: # This may because you are loading cell libraries which are not recommended with
ModelSim-Altera Info: # the ModelSim Altera version. Expect performance to be adversely affected.
ModelSim-Altera Info: add wave -position insertpoint  \
ModelSim-Altera Info: sim:/ir/instr \
ModelSim-Altera Info: sim:/ir/IRw \
ModelSim-Altera Info: sim:/ir/op \
ModelSim-Altera Info: sim:/ir/r1 \
ModelSim-Altera Info: sim:/ir/r2 \
ModelSim-Altera Info: sim:/ir/r3 \
ModelSim-Altera Info: sim:/ir/imm \
ModelSim-Altera Info: sim:/ir/jump
ModelSim-Altera Info: force -freeze sim:/ir/IRw 1 0
ModelSim-Altera Info: force -freeze sim:/ir/instr 000000000000000000001000010000000 0
ModelSim-Altera Info: # Value length (33) does not equal array index length (32).
ModelSim-Altera Info: # 
ModelSim-Altera Error: # ** Error: (vsim-4011) Invalid force value: 000000000000000000001000010000000 0.
ModelSim-Altera Info: 
ModelSim-Altera Info: # 
ModelSim-Altera Info: run
ModelSim-Altera Info: force -freeze sim:/ir/instr 00000000000000000000000000000000 0
ModelSim-Altera Info: run
ModelSim-Altera Info: run
ModelSim-Altera Info: run
ModelSim-Altera Info: force -freeze sim:/ir/instr 00000000000000000000000000000001 0
ModelSim-Altera Info: force -freeze sim:/ir/IRw 0 0
ModelSim-Altera Info: run
ModelSim-Altera Info: run
ModelSim-Altera Info: run
ModelSim-Altera Info: force -freeze sim:/ir/instr 00000000000000000000000000000011 0
ModelSim-Altera Info: run
Error: Errors encountered while running modelsim do file
Error: NativeLink simulation flow was NOT successful



================The following additional information is provided to help identify the cause of error while running nativelink scripts=================
Nativelink TCL script failed with errorCode:  1
Nativelink TCL script failed with errorInfo:  1
    (procedure "launch_sim" line 1)
    invoked from within
"launch_sim launch_args_hash"
    ("eval" body line 1)
    invoked from within
"eval launch_sim launch_args_hash"
    invoked from within
"if [ info exists ::errorCode ] {
				set savedCode $::errorCode
				set savedInfo $::errorInfo
				error $result $savedInfo $savedCode
			} else {
			..."
    invoked from within
"if [catch {eval launch_sim launch_args_hash} result ] {
			set status 1
			if [ info exists ::errorCode ] {
				set savedCode $::errorCode
				set sav..."
    (procedure "run_sim" line 78)
    invoked from within
"run_sim run_sim_args_hash"
    invoked from within
"if [ info exists ::errorCode ] {
			set savedCode $::errorCode
			set savedInfo $::errorInfo
			error "$result" $savedInfo $savedCode
		} else {
			er..."
    (procedure "run_eda_simulation_tool" line 330)
    invoked from within
"run_eda_simulation_tool eda_opts_hash"
