EDA Netlist Writer report for MultiCycle
<<<<<<< HEAD
Fri Oct 19 12:58:18 2018
=======
Fri Oct 19 12:59:06 2018
>>>>>>> origin/master
Quartus II 64-Bit Version 13.0.1 Build 232 06/12/2013 Service Pack 1 SJ Web Edition


---------------------
; Table of Contents ;
---------------------
  1. Legal Notice
  2. EDA Netlist Writer Summary
  3. Simulation Settings
  4. Simulation Generated Files
  5. EDA Netlist Writer Messages



----------------
; Legal Notice ;
----------------
Copyright (C) 1991-2013 Altera Corporation
Your use of Altera Corporation's design tools, logic functions 
and other software and tools, and its AMPP partner logic 
functions, and any output files from any of the foregoing 
(including device programming or simulation files), and any 
associated documentation or information are expressly subject 
to the terms and conditions of the Altera Program License 
Subscription Agreement, Altera MegaCore Function License 
Agreement, or other applicable license agreement, including, 
without limitation, that your use is for the sole purpose of 
programming logic devices manufactured by Altera and sold by 
Altera or its authorized distributors.  Please refer to the 
applicable agreement for further details.



+-------------------------------------------------------------------+
; EDA Netlist Writer Summary                                        ;
+---------------------------+---------------------------------------+
<<<<<<< HEAD
; EDA Netlist Writer Status ; Successful - Fri Oct 19 12:58:18 2018 ;
=======
; EDA Netlist Writer Status ; Successful - Fri Oct 19 12:59:06 2018 ;
>>>>>>> origin/master
; Revision Name             ; MultiCycle                            ;
; Top-level Entity Name     ; IR                                    ;
; Family                    ; Cyclone II                            ;
; Simulation Files Creation ; Successful                            ;
+---------------------------+---------------------------------------+


+----------------------------------------------------------------------------------------------------------------------------+
; Simulation Settings                                                                                                        ;
+---------------------------------------------------------------------------------------------------+------------------------+
; Option                                                                                            ; Setting                ;
+---------------------------------------------------------------------------------------------------+------------------------+
; Tool Name                                                                                         ; ModelSim-Altera (VHDL) ;
; Generate netlist for functional simulation only                                                   ; Off                    ;
; Time scale                                                                                        ; 1 ps                   ;
; Truncate long hierarchy paths                                                                     ; Off                    ;
; Map illegal HDL characters                                                                        ; Off                    ;
; Flatten buses into individual nodes                                                               ; Off                    ;
; Maintain hierarchy                                                                                ; Off                    ;
; Bring out device-wide set/reset signals as ports                                                  ; Off                    ;
; Enable glitch filtering                                                                           ; Off                    ;
; Do not write top level VHDL entity                                                                ; Off                    ;
; Disable detection of setup and hold time violations in the input registers of bi-directional pins ; Off                    ;
; Architecture name in VHDL output netlist                                                          ; structure              ;
; Generate third-party EDA tool command script for RTL functional simulation                        ; Off                    ;
; Generate third-party EDA tool command script for gate-level simulation                            ; Off                    ;
+---------------------------------------------------------------------------------------------------+------------------------+


+----------------------------------------------------------------------------------------------+
; Simulation Generated Files                                                                   ;
+----------------------------------------------------------------------------------------------+
; Generated Files                                                                              ;
+----------------------------------------------------------------------------------------------+
; C:/Users/Jeffrey Garcia/Documents/MultiCycle_Lab/simulation/modelsim/MultiCycle.vho          ;
; C:/Users/Jeffrey Garcia/Documents/MultiCycle_Lab/simulation/modelsim/MultiCycle_fast.vho     ;
; C:/Users/Jeffrey Garcia/Documents/MultiCycle_Lab/simulation/modelsim/MultiCycle_vhd.sdo      ;
; C:/Users/Jeffrey Garcia/Documents/MultiCycle_Lab/simulation/modelsim/MultiCycle_vhd_fast.sdo ;
+----------------------------------------------------------------------------------------------+


+-----------------------------+
; EDA Netlist Writer Messages ;
+-----------------------------+
Info: *******************************************************************
Info: Running Quartus II 64-Bit EDA Netlist Writer
    Info: Version 13.0.1 Build 232 06/12/2013 Service Pack 1 SJ Web Edition
<<<<<<< HEAD
    Info: Processing started: Fri Oct 19 12:58:15 2018
=======
    Info: Processing started: Fri Oct 19 12:59:05 2018
>>>>>>> origin/master
Info: Command: quartus_eda --read_settings_files=off --write_settings_files=off MultiCycle -c MultiCycle
Info (204026): Generated files "MultiCycle.vho", "MultiCycle_fast.vho", "MultiCycle_vhd.sdo" and "MultiCycle_vhd_fast.sdo" in directory "C:/Users/Jeffrey Garcia/Documents/MultiCycle_Lab/simulation/modelsim/" for EDA simulation tool
Info: Quartus II 64-Bit EDA Netlist Writer was successful. 0 errors, 0 warnings
<<<<<<< HEAD
    Info: Peak virtual memory: 4527 megabytes
    Info: Processing ended: Fri Oct 19 12:58:18 2018
    Info: Elapsed time: 00:00:03
    Info: Total CPU time (on all processors): 00:00:02
=======
    Info: Peak virtual memory: 4528 megabytes
    Info: Processing ended: Fri Oct 19 12:59:06 2018
    Info: Elapsed time: 00:00:01
    Info: Total CPU time (on all processors): 00:00:01
>>>>>>> origin/master


